<?xml version="1.0" encoding="UTF-8"?>
<!-- Generated by org.testng.reporters.JUnitReportReporter -->
<testsuite hostname="LAPTOP-JE5OMKF6" failures="0" tests="3" name="cucumberOptions.TestNGRunner" time="0.092" errors="0" timestamp="2024-11-26T20:59:05 IST" skipped="0">
  <testcase classname="cucumberOptions.TestNGRunner" name="runScenario" time="0.083"/>
  <testcase classname="cucumberOptions.TestNGRunner" name="runScenario" time="0.005"/>
  <testcase classname="cucumberOptions.TestNGRunner" name="runScenario" time="0.004"/>
</testsuite> <!-- cucumberOptions.TestNGRunner -->
